Compiling the C compiler identification source file "CMakeCCompilerId.c" failed.
Compiler: /usr/local/platone.cdt/bin/platone-cpp 
Build flags: 
Id flags:  

The output was:
255
error: invalid argument '-std=c++17' not allowed with 'C'
wasm-ld: error: cannot open /tmp/CMakeCCompilerId.c.o: No such file or directory
wasm-ld: error: cannot open /tmp/CMakeCCompilerId.c.o: No such file or directory


The C compiler identification could not be found in "/home/colin/Workspace/src/sc/build/sc/CMakeFiles/3.10.2/CompilerIdC/platonecpp.log"

Compiling the C compiler identification source file "CMakeCCompilerId.c" failed.
Compiler: /usr/local/platone.cdt/bin/platone-cpp 
Build flags: 
Id flags: -Aa 

The output was:
1
platone-cpp: Unknown command line argument '-Aa'.  Try: '/usr/local/platone.cdt/bin/platone-cpp -help'
platone-cpp: Did you mean '-c'?


Compiling the C compiler identification source file "CMakeCCompilerId.c" failed.
Compiler: /usr/local/platone.cdt/bin/platone-cpp 
Build flags: 
Id flags: -D__CLASSIC_C__ 

The output was:
1
platone-cpp: Unknown command line argument '-D__CLASSIC_C__'.  Try: '/usr/local/platone.cdt/bin/platone-cpp -help'
platone-cpp: Did you mean '-I'?


Compiling the C compiler identification source file "CMakeCCompilerId.c" failed.
Compiler: /usr/local/platone.cdt/bin/platone-cpp 
Build flags: 
Id flags:  

The output was:
255
error: invalid argument '-std=c++17' not allowed with 'C'
wasm-ld: error: cannot open /tmp/CMakeCCompilerId.c.o: No such file or directory
wasm-ld: error: cannot open /tmp/CMakeCCompilerId.c.o: No such file or directory


The C compiler identification could not be found in "/home/colin/Workspace/src/sc/build/sc/CMakeFiles/3.10.2/CompilerIdC/platonecpp.log"

Compiling the C compiler identification source file "CMakeCCompilerId.c" failed.
Compiler: /usr/local/platone.cdt/bin/platone-cpp 
Build flags: 
Id flags: -Aa 

The output was:
1
platone-cpp: Unknown command line argument '-Aa'.  Try: '/usr/local/platone.cdt/bin/platone-cpp -help'
platone-cpp: Did you mean '-c'?


Compiling the C compiler identification source file "CMakeCCompilerId.c" failed.
Compiler: /usr/local/platone.cdt/bin/platone-cpp 
Build flags: 
Id flags: -D__CLASSIC_C__ 

The output was:
1
platone-cpp: Unknown command line argument '-D__CLASSIC_C__'.  Try: '/usr/local/platone.cdt/bin/platone-cpp -help'
platone-cpp: Did you mean '-I'?


Checking whether the C compiler is IAR using "" did not match "IAR .+ Compiler":
platone-cpp: Not enough positional command line arguments specified!
Must specify at least 1 positional argument: See: /usr/local/platone.cdt/bin/platone-cpp -help
Checking whether the C compiler is IAR using "" did not match "IAR .+ Compiler":
platone-cpp: Not enough positional command line arguments specified!
Must specify at least 1 positional argument: See: /usr/local/platone.cdt/bin/platone-cpp -help
Compiling the CXX compiler identification source file "CMakeCXXCompilerId.cpp" failed.
Compiler: /usr/local/platone.cdt/bin/platone-cpp 
Build flags: 
Id flags:  

The output was:
255
wasm-ld: error: duplicate symbol: main(int, char**)
>>> defined in /tmp/CMakeCXXCompilerId.cpp.o
>>> defined in /tmp/CMakeCXXCompilerId.cpp.o

wasm-ld: error: duplicate symbol: info_compiler
>>> defined in /tmp/CMakeCXXCompilerId.cpp.o
>>> defined in /tmp/CMakeCXXCompilerId.cpp.o

wasm-ld: error: duplicate symbol: info_platform
>>> defined in /tmp/CMakeCXXCompilerId.cpp.o
>>> defined in /tmp/CMakeCXXCompilerId.cpp.o

wasm-ld: error: duplicate symbol: info_arch
>>> defined in /tmp/CMakeCXXCompilerId.cpp.o
>>> defined in /tmp/CMakeCXXCompilerId.cpp.o

wasm-ld: error: duplicate symbol: info_language_dialect_default
>>> defined in /tmp/CMakeCXXCompilerId.cpp.o
>>> defined in /tmp/CMakeCXXCompilerId.cpp.o


The CXX compiler identification could not be found in "/home/colin/Workspace/src/sc/build/sc/CMakeFiles/3.10.2/CompilerIdCXX/CMakeCXXCompilerId.wasm"

The CXX compiler identification could not be found in "/home/colin/Workspace/src/sc/build/sc/CMakeFiles/3.10.2/CompilerIdCXX/platonecpp.log"

Compiling the CXX compiler identification source file "CMakeCXXCompilerId.cpp" failed.
Compiler: /usr/local/platone.cdt/bin/platone-cpp 
Build flags: 
Id flags: --c++ 

The output was:
1
platone-cpp: Unknown command line argument '--c++'.  Try: '/usr/local/platone.cdt/bin/platone-cpp -help'
platone-cpp: Did you mean '-c'?


Compiling the CXX compiler identification source file "CMakeCXXCompilerId.cpp" failed.
Compiler: /usr/local/platone.cdt/bin/platone-cpp 
Build flags: 
Id flags: --ec++ 

The output was:
1
platone-cpp: Unknown command line argument '--ec++'.  Try: '/usr/local/platone.cdt/bin/platone-cpp -help'
platone-cpp: Did you mean '-c'?


Compiling the CXX compiler identification source file "CMakeCXXCompilerId.cpp" failed.
Compiler: /usr/local/platone.cdt/bin/platone-cpp 
Build flags: 
Id flags:  

The output was:
255
wasm-ld: error: duplicate symbol: main(int, char**)
>>> defined in /tmp/CMakeCXXCompilerId.cpp.o
>>> defined in /tmp/CMakeCXXCompilerId.cpp.o

wasm-ld: error: duplicate symbol: info_compiler
>>> defined in /tmp/CMakeCXXCompilerId.cpp.o
>>> defined in /tmp/CMakeCXXCompilerId.cpp.o

wasm-ld: error: duplicate symbol: info_platform
>>> defined in /tmp/CMakeCXXCompilerId.cpp.o
>>> defined in /tmp/CMakeCXXCompilerId.cpp.o

wasm-ld: error: duplicate symbol: info_arch
>>> defined in /tmp/CMakeCXXCompilerId.cpp.o
>>> defined in /tmp/CMakeCXXCompilerId.cpp.o

wasm-ld: error: duplicate symbol: info_language_dialect_default
>>> defined in /tmp/CMakeCXXCompilerId.cpp.o
>>> defined in /tmp/CMakeCXXCompilerId.cpp.o


The CXX compiler identification could not be found in "/home/colin/Workspace/src/sc/build/sc/CMakeFiles/3.10.2/CompilerIdCXX/CMakeCXXCompilerId.wasm"

The CXX compiler identification could not be found in "/home/colin/Workspace/src/sc/build/sc/CMakeFiles/3.10.2/CompilerIdCXX/platonecpp.log"

Compiling the CXX compiler identification source file "CMakeCXXCompilerId.cpp" failed.
Compiler: /usr/local/platone.cdt/bin/platone-cpp 
Build flags: 
Id flags: --c++ 

The output was:
1
platone-cpp: Unknown command line argument '--c++'.  Try: '/usr/local/platone.cdt/bin/platone-cpp -help'
platone-cpp: Did you mean '-c'?


Compiling the CXX compiler identification source file "CMakeCXXCompilerId.cpp" failed.
Compiler: /usr/local/platone.cdt/bin/platone-cpp 
Build flags: 
Id flags: --ec++ 

The output was:
1
platone-cpp: Unknown command line argument '--ec++'.  Try: '/usr/local/platone.cdt/bin/platone-cpp -help'
platone-cpp: Did you mean '-c'?


Checking whether the CXX compiler is IAR using "" did not match "IAR .+ Compiler":
platone-cpp: Not enough positional command line arguments specified!
Must specify at least 1 positional argument: See: /usr/local/platone.cdt/bin/platone-cpp -help
Checking whether the CXX compiler is IAR using "" did not match "IAR .+ Compiler":
platone-cpp: Not enough positional command line arguments specified!
Must specify at least 1 positional argument: See: /usr/local/platone.cdt/bin/platone-cpp -help
Detecting C compiler ABI info failed to compile with the following output:
Change Dir: /home/colin/Workspace/src/sc/build/sc/CMakeFiles/CMakeTmp

Run Build Command:"/usr/bin/make" "cmTC_8f3a1/fast"
make[3]: Entering directory '/home/colin/Workspace/src/sc/build/sc/CMakeFiles/CMakeTmp'
/usr/bin/make -f CMakeFiles/cmTC_8f3a1.dir/build.make CMakeFiles/cmTC_8f3a1.dir/build
make[4]: Entering directory '/home/colin/Workspace/src/sc/build/sc/CMakeFiles/CMakeTmp'
Building C object CMakeFiles/cmTC_8f3a1.dir/CMakeCCompilerABI.c.obj
/usr/local/platone.cdt/bin/platone-cpp    -o CMakeFiles/cmTC_8f3a1.dir/CMakeCCompilerABI.c.obj   -c /usr/share/cmake-3.10/Modules/CMakeCCompilerABI.c
error: invalid argument '-std=c++17' not allowed with 'C'
Linking C executable cmTC_8f3a1
/usr/bin/cmake -E cmake_link_script CMakeFiles/cmTC_8f3a1.dir/link.txt --verbose=1
/usr/local/platone.cdt/bin/platone-ld   CMakeFiles/cmTC_8f3a1.dir/CMakeCCompilerABI.c.obj -o cmTC_8f3a1 
wasm-ld: error: cannot open CMakeFiles/cmTC_8f3a1.dir/CMakeCCompilerABI.c.obj: No such file or directory
CMakeFiles/cmTC_8f3a1.dir/build.make:97: recipe for target 'cmTC_8f3a1' failed
make[4]: *** [cmTC_8f3a1] Error 255
make[4]: Leaving directory '/home/colin/Workspace/src/sc/build/sc/CMakeFiles/CMakeTmp'
Makefile:126: recipe for target 'cmTC_8f3a1/fast' failed
make[3]: *** [cmTC_8f3a1/fast] Error 2
make[3]: Leaving directory '/home/colin/Workspace/src/sc/build/sc/CMakeFiles/CMakeTmp'



Detecting CXX compiler ABI info failed to compile with the following output:
Change Dir: /home/colin/Workspace/src/sc/build/sc/CMakeFiles/CMakeTmp

Run Build Command:"/usr/bin/make" "cmTC_de32b/fast"
make[3]: Entering directory '/home/colin/Workspace/src/sc/build/sc/CMakeFiles/CMakeTmp'
/usr/bin/make -f CMakeFiles/cmTC_de32b.dir/build.make CMakeFiles/cmTC_de32b.dir/build
make[4]: Entering directory '/home/colin/Workspace/src/sc/build/sc/CMakeFiles/CMakeTmp'
Building CXX object CMakeFiles/cmTC_de32b.dir/CMakeCXXCompilerABI.cpp.obj
/usr/local/platone.cdt/bin/platone-cpp     -o CMakeFiles/cmTC_de32b.dir/CMakeCXXCompilerABI.cpp.obj -c /usr/share/cmake-3.10/Modules/CMakeCXXCompilerABI.cpp
Linking CXX executable cmTC_de32b.wasm
/usr/bin/cmake -E cmake_link_script CMakeFiles/cmTC_de32b.dir/link.txt --verbose=1
/usr/local/platone.cdt/bin/platone-ld   CMakeFiles/cmTC_de32b.dir/CMakeCXXCompilerABI.cpp.obj -o cmTC_de32b.wasm 
make[4]: Leaving directory '/home/colin/Workspace/src/sc/build/sc/CMakeFiles/CMakeTmp'
make[3]: Leaving directory '/home/colin/Workspace/src/sc/build/sc/CMakeFiles/CMakeTmp'

Cannot copy output executable
  ''
to destination specified by COPY_FILE:
  '/home/colin/Workspace/src/sc/build/sc/CMakeFiles/3.10.2/CMakeDetermineCompilerABI_CXX.bin'
Unable to find the executable at any of:
  /home/colin/Workspace/src/sc/build/sc/CMakeFiles/CMakeTmp/cmTC_de32b
  /home/colin/Workspace/src/sc/build/sc/CMakeFiles/CMakeTmp/Debug/cmTC_de32b
  /home/colin/Workspace/src/sc/build/sc/CMakeFiles/CMakeTmp/Development/cmTC_de32b


Compiling the C compiler identification source file "CMakeCCompilerId.c" failed.
Compiler: /usr/local/platone.cdt/bin/platone-cpp 
Build flags: 
Id flags:  

The output was:
255
error: invalid argument '-std=c++17' not allowed with 'C'
wasm-ld: error: cannot open /tmp/CMakeCCompilerId.c.o: No such file or directory
wasm-ld: error: cannot open /tmp/CMakeCCompilerId.c.o: No such file or directory


The C compiler identification could not be found in "/home/colin/Workspace/src/sc/build/sc/CMakeFiles/3.18.4/CompilerIdC/platonecpp.log"

Compiling the C compiler identification source file "CMakeCCompilerId.c" failed.
Compiler: /usr/local/platone.cdt/bin/platone-cpp 
Build flags: 
Id flags: -Aa 

The output was:
1
platone-cpp: Unknown command line argument '-Aa'.  Try: '/usr/local/platone.cdt/bin/platone-cpp -help'
platone-cpp: Did you mean '-c'?


Compiling the C compiler identification source file "CMakeCCompilerId.c" failed.
Compiler: /usr/local/platone.cdt/bin/platone-cpp 
Build flags: 
Id flags: -D__CLASSIC_C__ 

The output was:
1
platone-cpp: Unknown command line argument '-D__CLASSIC_C__'.  Try: '/usr/local/platone.cdt/bin/platone-cpp -help'
platone-cpp: Did you mean '-I'?


Compiling the C compiler identification source file "CMakeCCompilerId.c" failed.
Compiler: /usr/local/platone.cdt/bin/platone-cpp 
Build flags: 
Id flags: --target=arm-arm-none-eabi;-mcpu=cortex-m3 

The output was:
1
platone-cpp: Unknown command line argument '--target=arm-arm-none-eabi'.  Try: '/usr/local/platone.cdt/bin/platone-cpp -help'
platone-cpp: Did you mean '-abigen=arm-arm-none-eabi'?
platone-cpp: Unknown command line argument '-mcpu=cortex-m3'.  Try: '/usr/local/platone.cdt/bin/platone-cpp -help'
platone-cpp: Did you mean '-c=cortex-m3'?


Compiling the C compiler identification source file "CMakeCCompilerId.c" failed.
Compiler: /usr/local/platone.cdt/bin/platone-cpp 
Build flags: 
Id flags:  

The output was:
255
error: invalid argument '-std=c++17' not allowed with 'C'
wasm-ld: error: cannot open /tmp/CMakeCCompilerId.c.o: No such file or directory
wasm-ld: error: cannot open /tmp/CMakeCCompilerId.c.o: No such file or directory


The C compiler identification could not be found in "/home/colin/Workspace/src/sc/build/sc/CMakeFiles/3.18.4/CompilerIdC/platonecpp.log"

Compiling the C compiler identification source file "CMakeCCompilerId.c" failed.
Compiler: /usr/local/platone.cdt/bin/platone-cpp 
Build flags: 
Id flags: -Aa 

The output was:
1
platone-cpp: Unknown command line argument '-Aa'.  Try: '/usr/local/platone.cdt/bin/platone-cpp -help'
platone-cpp: Did you mean '-c'?


Compiling the C compiler identification source file "CMakeCCompilerId.c" failed.
Compiler: /usr/local/platone.cdt/bin/platone-cpp 
Build flags: 
Id flags: -D__CLASSIC_C__ 

The output was:
1
platone-cpp: Unknown command line argument '-D__CLASSIC_C__'.  Try: '/usr/local/platone.cdt/bin/platone-cpp -help'
platone-cpp: Did you mean '-I'?


Compiling the C compiler identification source file "CMakeCCompilerId.c" failed.
Compiler: /usr/local/platone.cdt/bin/platone-cpp 
Build flags: 
Id flags: --target=arm-arm-none-eabi;-mcpu=cortex-m3 

The output was:
1
platone-cpp: Unknown command line argument '--target=arm-arm-none-eabi'.  Try: '/usr/local/platone.cdt/bin/platone-cpp -help'
platone-cpp: Did you mean '-abigen=arm-arm-none-eabi'?
platone-cpp: Unknown command line argument '-mcpu=cortex-m3'.  Try: '/usr/local/platone.cdt/bin/platone-cpp -help'
platone-cpp: Did you mean '-c=cortex-m3'?


Checking whether the C compiler is IAR using "" did not match "IAR .+ Compiler":
platone-cpp: Not enough positional command line arguments specified!
Must specify at least 1 positional argument: See: /usr/local/platone.cdt/bin/platone-cpp -help
Checking whether the C compiler is IAR using "" did not match "IAR .+ Compiler":
platone-cpp: Not enough positional command line arguments specified!
Must specify at least 1 positional argument: See: /usr/local/platone.cdt/bin/platone-cpp -help
Compiling the CXX compiler identification source file "CMakeCXXCompilerId.cpp" failed.
Compiler: /usr/local/platone.cdt/bin/platone-cpp 
Build flags: 
Id flags:  

The output was:
255
wasm-ld: error: duplicate symbol: main(int, char**)
>>> defined in /tmp/CMakeCXXCompilerId.cpp.o
>>> defined in /tmp/CMakeCXXCompilerId.cpp.o

wasm-ld: error: duplicate symbol: info_compiler
>>> defined in /tmp/CMakeCXXCompilerId.cpp.o
>>> defined in /tmp/CMakeCXXCompilerId.cpp.o

wasm-ld: error: duplicate symbol: info_platform
>>> defined in /tmp/CMakeCXXCompilerId.cpp.o
>>> defined in /tmp/CMakeCXXCompilerId.cpp.o

wasm-ld: error: duplicate symbol: info_arch
>>> defined in /tmp/CMakeCXXCompilerId.cpp.o
>>> defined in /tmp/CMakeCXXCompilerId.cpp.o

wasm-ld: error: duplicate symbol: info_language_dialect_default
>>> defined in /tmp/CMakeCXXCompilerId.cpp.o
>>> defined in /tmp/CMakeCXXCompilerId.cpp.o


The CXX compiler identification could not be found in "/home/colin/Workspace/src/sc/build/sc/CMakeFiles/3.18.4/CompilerIdCXX/CMakeCXXCompilerId.wasm"

The CXX compiler identification could not be found in "/home/colin/Workspace/src/sc/build/sc/CMakeFiles/3.18.4/CompilerIdCXX/platonecpp.log"

Compiling the CXX compiler identification source file "CMakeCXXCompilerId.cpp" failed.
Compiler: /usr/local/platone.cdt/bin/platone-cpp 
Build flags: 
Id flags: --c++ 

The output was:
1
platone-cpp: Unknown command line argument '--c++'.  Try: '/usr/local/platone.cdt/bin/platone-cpp -help'
platone-cpp: Did you mean '-c'?


Compiling the CXX compiler identification source file "CMakeCXXCompilerId.cpp" failed.
Compiler: /usr/local/platone.cdt/bin/platone-cpp 
Build flags: 
Id flags: --ec++ 

The output was:
1
platone-cpp: Unknown command line argument '--ec++'.  Try: '/usr/local/platone.cdt/bin/platone-cpp -help'
platone-cpp: Did you mean '-c'?


Compiling the CXX compiler identification source file "CMakeCXXCompilerId.cpp" failed.
Compiler: /usr/local/platone.cdt/bin/platone-cpp 
Build flags: 
Id flags: --target=arm-arm-none-eabi;-mcpu=cortex-m3 

The output was:
1
platone-cpp: Unknown command line argument '--target=arm-arm-none-eabi'.  Try: '/usr/local/platone.cdt/bin/platone-cpp -help'
platone-cpp: Did you mean '-abigen=arm-arm-none-eabi'?
platone-cpp: Unknown command line argument '-mcpu=cortex-m3'.  Try: '/usr/local/platone.cdt/bin/platone-cpp -help'
platone-cpp: Did you mean '-c=cortex-m3'?


Compiling the CXX compiler identification source file "CMakeCXXCompilerId.cpp" failed.
Compiler: /usr/local/platone.cdt/bin/platone-cpp 
Build flags: 
Id flags:  

The output was:
255
wasm-ld: error: duplicate symbol: main(int, char**)
>>> defined in /tmp/CMakeCXXCompilerId.cpp.o
>>> defined in /tmp/CMakeCXXCompilerId.cpp.o

wasm-ld: error: duplicate symbol: info_compiler
>>> defined in /tmp/CMakeCXXCompilerId.cpp.o
>>> defined in /tmp/CMakeCXXCompilerId.cpp.o

wasm-ld: error: duplicate symbol: info_platform
>>> defined in /tmp/CMakeCXXCompilerId.cpp.o
>>> defined in /tmp/CMakeCXXCompilerId.cpp.o

wasm-ld: error: duplicate symbol: info_arch
>>> defined in /tmp/CMakeCXXCompilerId.cpp.o
>>> defined in /tmp/CMakeCXXCompilerId.cpp.o

wasm-ld: error: duplicate symbol: info_language_dialect_default
>>> defined in /tmp/CMakeCXXCompilerId.cpp.o
>>> defined in /tmp/CMakeCXXCompilerId.cpp.o


The CXX compiler identification could not be found in "/home/colin/Workspace/src/sc/build/sc/CMakeFiles/3.18.4/CompilerIdCXX/CMakeCXXCompilerId.wasm"

The CXX compiler identification could not be found in "/home/colin/Workspace/src/sc/build/sc/CMakeFiles/3.18.4/CompilerIdCXX/platonecpp.log"

Compiling the CXX compiler identification source file "CMakeCXXCompilerId.cpp" failed.
Compiler: /usr/local/platone.cdt/bin/platone-cpp 
Build flags: 
Id flags: --c++ 

The output was:
1
platone-cpp: Unknown command line argument '--c++'.  Try: '/usr/local/platone.cdt/bin/platone-cpp -help'
platone-cpp: Did you mean '-c'?


Compiling the CXX compiler identification source file "CMakeCXXCompilerId.cpp" failed.
Compiler: /usr/local/platone.cdt/bin/platone-cpp 
Build flags: 
Id flags: --ec++ 

The output was:
1
platone-cpp: Unknown command line argument '--ec++'.  Try: '/usr/local/platone.cdt/bin/platone-cpp -help'
platone-cpp: Did you mean '-c'?


Compiling the CXX compiler identification source file "CMakeCXXCompilerId.cpp" failed.
Compiler: /usr/local/platone.cdt/bin/platone-cpp 
Build flags: 
Id flags: --target=arm-arm-none-eabi;-mcpu=cortex-m3 

The output was:
1
platone-cpp: Unknown command line argument '--target=arm-arm-none-eabi'.  Try: '/usr/local/platone.cdt/bin/platone-cpp -help'
platone-cpp: Did you mean '-abigen=arm-arm-none-eabi'?
platone-cpp: Unknown command line argument '-mcpu=cortex-m3'.  Try: '/usr/local/platone.cdt/bin/platone-cpp -help'
platone-cpp: Did you mean '-c=cortex-m3'?


Checking whether the CXX compiler is IAR using "" did not match "IAR .+ Compiler":
platone-cpp: Not enough positional command line arguments specified!
Must specify at least 1 positional argument: See: /usr/local/platone.cdt/bin/platone-cpp -help
Checking whether the CXX compiler is IAR using "" did not match "IAR .+ Compiler":
platone-cpp: Not enough positional command line arguments specified!
Must specify at least 1 positional argument: See: /usr/local/platone.cdt/bin/platone-cpp -help
Detecting C compiler ABI info failed to compile with the following output:
Change Dir: /home/colin/Workspace/src/sc/build/sc/CMakeFiles/CMakeTmp

Run Build Command(s):/usr/bin/make cmTC_6f91b/fast && make[3]: Entering directory '/home/colin/Workspace/src/sc/build/sc/CMakeFiles/CMakeTmp'
/usr/bin/make  -f CMakeFiles/cmTC_6f91b.dir/build.make CMakeFiles/cmTC_6f91b.dir/build
make[4]: Entering directory '/home/colin/Workspace/src/sc/build/sc/CMakeFiles/CMakeTmp'
Building C object CMakeFiles/cmTC_6f91b.dir/CMakeCCompilerABI.c.obj
/usr/local/platone.cdt/bin/platone-cpp    -o CMakeFiles/cmTC_6f91b.dir/CMakeCCompilerABI.c.obj -c /snap/cmake/619/share/cmake-3.18/Modules/CMakeCCompilerABI.c
error: invalid argument '-std=c++17' not allowed with 'C'
Linking C executable cmTC_6f91b
/snap/cmake/619/bin/cmake -E cmake_link_script CMakeFiles/cmTC_6f91b.dir/link.txt --verbose=1
/usr/local/platone.cdt/bin/platone-ld CMakeFiles/cmTC_6f91b.dir/CMakeCCompilerABI.c.obj -o cmTC_6f91b 
wasm-ld: error: cannot open CMakeFiles/cmTC_6f91b.dir/CMakeCCompilerABI.c.obj: No such file or directory
CMakeFiles/cmTC_6f91b.dir/build.make:105: recipe for target 'cmTC_6f91b' failed
make[4]: *** [cmTC_6f91b] Error 255
make[4]: Leaving directory '/home/colin/Workspace/src/sc/build/sc/CMakeFiles/CMakeTmp'
Makefile:140: recipe for target 'cmTC_6f91b/fast' failed
make[3]: *** [cmTC_6f91b/fast] Error 2
make[3]: Leaving directory '/home/colin/Workspace/src/sc/build/sc/CMakeFiles/CMakeTmp'




Detecting CXX compiler ABI info failed to compile with the following output:
Change Dir: /home/colin/Workspace/src/sc/build/sc/CMakeFiles/CMakeTmp

Run Build Command(s):/usr/bin/make cmTC_638ae/fast && make[3]: Entering directory '/home/colin/Workspace/src/sc/build/sc/CMakeFiles/CMakeTmp'
/usr/bin/make  -f CMakeFiles/cmTC_638ae.dir/build.make CMakeFiles/cmTC_638ae.dir/build
make[4]: Entering directory '/home/colin/Workspace/src/sc/build/sc/CMakeFiles/CMakeTmp'
Building CXX object CMakeFiles/cmTC_638ae.dir/CMakeCXXCompilerABI.cpp.obj
/usr/local/platone.cdt/bin/platone-cpp    -o CMakeFiles/cmTC_638ae.dir/CMakeCXXCompilerABI.cpp.obj -c /snap/cmake/619/share/cmake-3.18/Modules/CMakeCXXCompilerABI.cpp
Linking CXX executable cmTC_638ae.wasm
/snap/cmake/619/bin/cmake -E cmake_link_script CMakeFiles/cmTC_638ae.dir/link.txt --verbose=1
/usr/local/platone.cdt/bin/platone-ld CMakeFiles/cmTC_638ae.dir/CMakeCXXCompilerABI.cpp.obj -o cmTC_638ae.wasm 
make[4]: Leaving directory '/home/colin/Workspace/src/sc/build/sc/CMakeFiles/CMakeTmp'
make[3]: Leaving directory '/home/colin/Workspace/src/sc/build/sc/CMakeFiles/CMakeTmp'


Cannot copy output executable
  ''
to destination specified by COPY_FILE:
  '/home/colin/Workspace/src/sc/build/sc/CMakeFiles/3.18.4/CMakeDetermineCompilerABI_CXX.bin'
Unable to find the executable at any of:
  /home/colin/Workspace/src/sc/build/sc/CMakeFiles/CMakeTmp/cmTC_638ae
  /home/colin/Workspace/src/sc/build/sc/CMakeFiles/CMakeTmp/Debug/cmTC_638ae
  /home/colin/Workspace/src/sc/build/sc/CMakeFiles/CMakeTmp/Development/cmTC_638ae


